Signature 0: main([Ljava/lang/String;)V
Signature 1: run()V
Signature 2: <init>()V
Signature 3: <clinit>()V
Signature 4: notify()V
Signature 5: notifyAll()V
Signature 6: wait()V
Signature 7: wait(J)V
Signature 8: start()V
Signature 9: yield()V
Signature 10: sleep(J)V
Signature 11: currentThread()Ljava/lang/Thread;
Signature 12: getPriority()I
Signature 13: setPriority(I)V
Signature 14: interrupt()V
Signature 15: interrupted()Z
Signature 16: isInterrupted()Z
Signature 17: setDaemon(Z)V
Signature 18: isDaemon()Z
Signature 19: join()V
Signature 20: join(J)V
Signature 21: currentTimeMillis()J
Signature 22: exit(I)V
Signature 23: freeMemory()J
Signature 24: totalMemory()J
Signature 25: getMessage()Ljava/lang/String;
Signature 26: call(S)V
Signature 27: call(SS)V
Signature 28: call(SSS)V
Signature 29: call(SSSS)V
Signature 30: call(SSSSS)V
Signature 31: readByte(I)B
Signature 32: writeByte(IB)V
Signature 33: setBit(III)V
Signature 34: getDataAddress(Ljava/lang/Object;)I
Signature 35: resetSerial()V
Signature 36: readSensorValue(II)I
Signature 37: setSensorValue(III)V
Signature 38: setPoller()V
Signature 39: setThrottle(I)V
Signature 40: test(Ljava/lang/String;Z)V
Signature 41: testEQ(Ljava/lang/String;II)V
Signature 42: floatToIntBits(F)I
Signature 43: intBitsToFloat(I)F
Signature 44: init()V
Signature 45: write([BI)V
Signature 46: read()I
Signature 47: isSending()Z
Signature 48: isSendError()Z
Signature 49: getRegionAddress()I
Signature 50: toString()Ljava/lang/String;
Signature 51: isAlive()Z
Signature 52: <init>(Ljava/lang/String;)V
Signature 53: <init>([CII)V
Signature 54: arraycopy([CI[CII)V
Signature 55: getRuntime()Ljava/lang/Runtime;
Signature 56: log(ZII[III)V
Signature 57: <init>(Lmelmac/core/logging/Logger;Ljosx/platform/rcx/Sensor;)V
Signature 58: turnLightOn()V
Signature 59: turnLightOff()V
Signature 60: getMessageProcessor()Lmelmac/core/comms/MessageProcessor;
Signature 61: getMessageSender()Lmelmac/core/comms/MessageSender;
Signature 62: getLightReceiver()Lmelmac/core/comms/LightReceiver;
Signature 63: <init>(Lmelmac/core/comms/CommunicationsBase;Lmelmac/core/logging/Logger;)V
Signature 64: <init>(Ljosx/platform/rcx/Motor;Ljosx/platform/rcx/Motor;)V
Signature 65: kick()V
Signature 66: <init>(Lmelmac/core/logging/Logger;[Ljosx/platform/rcx/Sensor;Lmelmac/core/comms/Communications;)V
Signature 67: <init>(I)V
Signature 68: addSensorListener(Ljosx/platform/rcx/SensorListener;)V
Signature 69: activate()V
Signature 70: passivate()V
Signature 71: setTypeAndMode(II)V
Signature 72: callListeners()V
Signature 73: <init>(Lmelmac/slaveblock/control/Controller;)V
Signature 74: handle(I[II)Z
Signature 75: waitForReset()V
Signature 76: <init>(C)V
Signature 77: forward()V
Signature 78: backward()V
Signature 79: stop()V
Signature 80: controlMotor(CII)V
Signature 81: log(ZII)V
Signature 82: systemSound(ZI)V
Signature 83: beepSequence()V
Signature 84: showNumber(I)V
Signature 85: setNumber(III)V
Signature 86: refresh()V
Signature 87: <init>(Lmelmac/core/logging/Logger;Lmelmac/core/logging/LogMessages;ILjava/lang/String;Z)V
Signature 88: sendInt(I)V
Signature 89: sendEnd()V
Signature 90: pulse(I)V
Signature 91: onConnect()Z
Signature 92: onDisconnect()V
Signature 93: otherSeen()V
Signature 94: onStart()V
Signature 95: onStop()V
Signature 96: <init>(Lmelmac/core/logging/Logger;Lmelmac/core/logging/LogMessages;Lmelmac/slaveblock/comms/NxtCommunications;)V
Signature 97: stateChanged(Ljosx/platform/rcx/Sensor;II)V
Signature 98: <init>(Lmelmac/core/logging/Logger;Lmelmac/core/logging/LogMessages;Lmelmac/core/comms/CommunicationsBase;II)V
Signature 99: reset()V
Signature 100: setMessageHandler(ILmelmac/core/comms/MessageHandler;)V
Signature 101: process(I[II)V
Signature 102: isSubscriber()Z
Signature 103: <init>(Lmelmac/core/logging/Logger;Lmelmac/core/logging/LogMessages;Lmelmac/core/comms/CommunicationsBase;)V
Signature 104: acknowledgementReceived()V
Signature 105: send(IZ[II)V
Signature 106: isFull()Z
Signature 107: <init>(ILjava/lang/String;)V
Signature 108: <init>(ILmelmac/core/comms/CommunicationsBase;ILmelmac/core/logging/Logger;)V
Signature 109: <init>(Lmelmac/core/logging/Logger;Lmelmac/core/comms/Communications;I)V
Signature 110: handleCollision(I)V
Signature 111: <init>(Lmelmac/slaveblock/control/CollisionHandler;I)V
Signature 112: get()Ljosx/platform/rcx/ListenerThread;
Signature 113: addToMask(ILjosx/platform/rcx/ListenerCaller;)V
Signature 114: addSensorToMask(ILjosx/platform/rcx/ListenerCaller;)V
Signature 115: connect()Z
Signature 116: disconnect()V
Signature 117: isClearToSend()Z
Signature 118: isConnected()Z
Signature 119: isReceiving()Z
Signature 120: sendSync(I[II)V
Signature 121: sendAsync(I[II)V
Signature 122: canStartSend()Z
Signature 123: startSend()Z
Signature 124: completeSend()V
Signature 125: startReceive()Z
Signature 126: completeReceive(I[II)V
Signature 127: <init>(Lmelmac/core/logging/Logger;Lmelmac/core/logging/LogMessages;IILmelmac/core/comms/LightCommunications;)V
Signature 128: isLightOn(I)Z
Signature 129: stateChanged(II)V
Signature 130: <init>(Lmelmac/core/logging/Logger;II)V
Signature 131: isRunning()Z
Signature 132: waitCheckRunning()Z
Signature 133: getLogger()Lmelmac/core/logging/Logger;
Signature 134: <init>(Lmelmac/core/control/CollisionHandlerBase;II)V
Signature 135: <init>(Z)V
Signature 136: poll(II)I
Signature 137: <init>(Lmelmac/core/logging/Logger;Lmelmac/core/logging/LogMessages;Ljava/lang/String;Lmelmac/core/comms/CommunicationsBase;)V
Signature 138: shouldWait()Z
Signature 139: execute()Z
Signature 140: signal()V
Signature 141: <init>(Lmelmac/core/logging/Logger;IIIILjava/lang/String;)V
Signature 142: onException(Ljava/lang/Exception;)Z
Signature 143: access$000(Lmelmac/core/threading/AsyncProcess;)I
Signature 144: <init>(Lmelmac/core/threading/AsyncProcess;)V
Signature 145: <init>(Lmelmac/core/threading/AsyncProcess;Lmelmac/core/threading/AsyncProcess$1;)V
Signature 146: constructImpl(Lmelmac/core/threading/Runnable;Ljava/lang/String;)Ljava/lang/Thread;
Signature 147: construct(Lmelmac/core/threading/Runnable;Ljava/lang/String;)Ljava/lang/Thread;
Signature 148: <init>(Lmelmac/core/threading/Runnable;)V
Signature 149: <init>(Lmelmac/core/threading/Runnable;Ljava/lang/String;)V
Master record : 16 bytes.
Class records : 67 (670 bytes).
Field records : 118 (118 bytes).
Method records: 222 (2664 bytes).
Code          : 167 (4674 bytes).
